2024.04.17 22:33:11 INFO  Started: Metals version 1.3.0 in folders '/Users/justchance/Desktop/pizza/ProteusFPP' for client Visual Studio Code 1.88.1.
SLF4J: Class path contains multiple SLF4J providers.
SLF4J: Found provider [scribe.slf4j.ScribeServiceProvider@19c8b1fa]
SLF4J: Found provider [ch.qos.logback.classic.spi.LogbackServiceProvider@ffa2bff]
SLF4J: See https://www.slf4j.org/codes.html#multiple_bindings for an explanation.
SLF4J: Actual provider is of type [scribe.slf4j.ScribeServiceProvider@19c8b1fa]
2024.04.17 22:33:11 WARN  Flyway upgrade recommended: H2 2.2.224 is newer than this version of Flyway and support has not been tested. The latest supported version of H2 is 2.2.220.
2024.04.17 22:33:44 INFO  no build target found for /Users/justchance/Desktop/pizza/ProteusFPP/proteusfpp/src/main/scala/CodeGenerationTools/CodeGeneration.scala. Using presentation compiler with project's scala-library version: 3.3.3
2024.04.17 22:33:56 WARN  no build target for: /Users/justchance/Desktop/pizza/ProteusFPP/proteusfpp/src/main/scala/Main.scala
2024.04.17 22:34:02 WARN  no build target for: /Users/justchance/Desktop/pizza/ProteusFPP/proteusfpp/src/main/scala/Main.scala
2024.04.17 22:34:08 WARN  no build target for: /Users/justchance/Desktop/pizza/ProteusFPP/proteusfpp/src/main/scala/Main.scala
2024.04.17 22:34:10 WARN  no build target for: /Users/justchance/Desktop/pizza/ProteusFPP/proteusfpp/src/main/scala/Main.scala
Apr 17, 2024 10:34:19 PM org.eclipse.lsp4j.jsonrpc.RemoteEndpoint handleCancellation
WARNING: Unmatched cancel notification for request id 106
2024.04.17 22:35:03 WARN  no build target for: /Users/justchance/Desktop/pizza/ProteusFPP/proteusfpp/src/main/scala/Main.scala
2024.04.17 22:35:06 WARN  no build target for: /Users/justchance/Desktop/pizza/ProteusFPP/proteusfpp/src/main/scala/Main.scala
2024.04.17 22:35:09 WARN  no build target for: /Users/justchance/Desktop/pizza/ProteusFPP/proteusfpp/src/main/scala/Main.scala
2024.04.17 22:35:12 WARN  no build target for: /Users/justchance/Desktop/pizza/ProteusFPP/proteusfpp/src/main/scala/Main.scala
2024.04.17 22:35:14 WARN  no build target for: /Users/justchance/Desktop/pizza/ProteusFPP/proteusfpp/src/main/scala/Main.scala
Apr 17, 2024 10:36:20 PM org.eclipse.lsp4j.jsonrpc.RemoteEndpoint handleCancellation
WARNING: Unmatched cancel notification for request id 242
Apr 17, 2024 10:36:26 PM org.eclipse.lsp4j.jsonrpc.RemoteEndpoint handleCancellation
WARNING: Unmatched cancel notification for request id 261
Apr 17, 2024 10:36:26 PM org.eclipse.lsp4j.jsonrpc.RemoteEndpoint handleCancellation
WARNING: Unmatched cancel notification for request id 262
Apr 17, 2024 10:36:26 PM org.eclipse.lsp4j.jsonrpc.RemoteEndpoint handleCancellation
WARNING: Unmatched cancel notification for request id 263
Apr 17, 2024 10:36:26 PM org.eclipse.lsp4j.jsonrpc.RemoteEndpoint handleCancellation
WARNING: Unmatched cancel notification for request id 264
2024.04.17 22:37:00 WARN  no build target for: /Users/justchance/Desktop/pizza/ProteusFPP/proteusfpp/src/main/scala/CodeGenerationTools/CodeGeneration.scala
2024.04.17 22:37:02 WARN  no build target for: /Users/justchance/Desktop/pizza/ProteusFPP/proteusfpp/src/main/scala/CodeGenerationTools/CodeGeneration.scala
2024.04.17 22:37:03 WARN  no build target for: /Users/justchance/Desktop/pizza/ProteusFPP/proteusfpp/src/main/scala/CodeGenerationTools/CodeGeneration.scala
2024.04.17 22:37:11 WARN  no build target for: /Users/justchance/Desktop/pizza/ProteusFPP/proteusfpp/src/main/scala/CodeGenerationTools/CodeGeneration.scala
2024.04.17 22:37:15 WARN  no build target for: /Users/justchance/Desktop/pizza/ProteusFPP/proteusfpp/src/main/scala/CodeGenerationTools/CodeGeneration.scala
2024.04.17 22:37:18 WARN  no build target for: /Users/justchance/Desktop/pizza/ProteusFPP/proteusfpp/src/main/scala/CodeGenerationTools/CodeGeneration.scala
2024.04.17 22:37:37 WARN  no build target for: /Users/justchance/Desktop/pizza/ProteusFPP/proteusfpp/src/main/scala/CodeGenerationTools/CodeGeneration.scala
2024.04.17 22:37:39 WARN  no build target for: /Users/justchance/Desktop/pizza/ProteusFPP/proteusfpp/src/main/scala/Main.scala
2024.04.17 22:37:43 WARN  no build target for: /Users/justchance/Desktop/pizza/ProteusFPP/proteusfpp/src/main/scala/Main.scala
2024.04.17 22:37:50 WARN  no build target for: /Users/justchance/Desktop/pizza/ProteusFPP/proteusfpp/src/main/scala/Main.scala
2024.04.17 22:38:17 WARN  no build target for: /Users/justchance/Desktop/pizza/ProteusFPP/proteusfpp/src/main/scala/Main.scala
2024.04.17 22:38:19 WARN  no build target for: /Users/justchance/Desktop/pizza/ProteusFPP/proteusfpp/src/main/scala/Main.scala
2024.04.17 22:38:22 WARN  no build target for: /Users/justchance/Desktop/pizza/ProteusFPP/proteusfpp/src/main/scala/Main.scala
2024.04.17 22:38:26 WARN  no build target for: /Users/justchance/Desktop/pizza/ProteusFPP/proteusfpp/src/main/scala/Main.scala
2024.04.17 22:38:37 WARN  no build target for: /Users/justchance/Desktop/pizza/ProteusFPP/proteusfpp/src/main/scala/CodeGenerationTools/CodeGeneration.scala
2024.04.17 22:38:39 WARN  no build target for: /Users/justchance/Desktop/pizza/ProteusFPP/proteusfpp/src/main/scala/CodeGenerationTools/CodeGeneration.scala
2024.04.17 22:38:42 WARN  no build target for: /Users/justchance/Desktop/pizza/ProteusFPP/proteusfpp/src/main/scala/CodeGenerationTools/CodeGeneration.scala
2024.04.17 22:39:03 WARN  no build target for: /Users/justchance/Desktop/pizza/ProteusFPP/proteusfpp/src/main/scala/CodeGenerationTools/CodeGeneration.scala
2024.04.17 22:39:48 INFO  Shutting down server
2024.04.17 22:39:48 INFO  shutting down Metals
2024.04.17 22:39:48 INFO  Exiting server
2024.04.17 22:39:48 ERROR Unexpected error initializing server: 
org.eclipse.lsp4j.jsonrpc.ResponseErrorException: Request window/showMessageRequest failed with message: Canceled
	at org.eclipse.lsp4j.jsonrpc.RemoteEndpoint.handleResponse(RemoteEndpoint.java:209)
	at org.eclipse.lsp4j.jsonrpc.RemoteEndpoint.consume(RemoteEndpoint.java:193)
	at org.eclipse.lsp4j.jsonrpc.json.StreamMessageProducer.handleMessage(StreamMessageProducer.java:194)
	at org.eclipse.lsp4j.jsonrpc.json.StreamMessageProducer.listen(StreamMessageProducer.java:94)
	at org.eclipse.lsp4j.jsonrpc.json.ConcurrentMessageProcessor.run(ConcurrentMessageProcessor.java:113)
	at java.util.concurrent.Executors$RunnableAdapter.call(Executors.java:577)
	at java.util.concurrent.FutureTask.run(FutureTask.java:317)
	at java.util.concurrent.ThreadPoolExecutor.runWorker(ThreadPoolExecutor.java:1144)
	at java.util.concurrent.ThreadPoolExecutor$Worker.run(ThreadPoolExecutor.java:642)
	at java.lang.Thread.run(Thread.java:1623)

2024.04.18 01:07:30 INFO  Started: Metals version 1.3.0 in folders '/Users/justchance/Desktop/pizza/ProteusFPP' for client Visual Studio Code 1.88.1.
SLF4J: Class path contains multiple SLF4J providers.
SLF4J: Found provider [scribe.slf4j.ScribeServiceProvider@209ac406]
SLF4J: Found provider [ch.qos.logback.classic.spi.LogbackServiceProvider@4a91e233]
SLF4J: See https://www.slf4j.org/codes.html#multiple_bindings for an explanation.
SLF4J: Actual provider is of type [scribe.slf4j.ScribeServiceProvider@209ac406]
2024.04.18 01:07:30 WARN  Flyway upgrade recommended: H2 2.2.224 is newer than this version of Flyway and support has not been tested. The latest supported version of H2 is 2.2.220.
2024.04.18 01:07:56 INFO  no build target found for /Users/justchance/Desktop/pizza/ProteusFPP/proteusfpp/src/main/scala/CodeGenerationTools/CodeGeneration.scala. Using presentation compiler with project's scala-library version: 3.3.3
2024.04.18 01:07:57 INFO  time: code lens generation in 7.16s
2024.04.18 01:07:57 INFO  time: code lens generation in 7.21s
2024.04.18 01:07:57 INFO  time: code lens generation in 7.21s
2024.04.18 01:07:57 INFO  time: code lens generation in 7.21s
2024.04.18 01:07:57 INFO  time: code lens generation in 7.21s
2024.04.18 01:07:57 INFO  time: code lens generation in 7.21s
Apr 18, 2024 1:08:02 AM org.eclipse.lsp4j.jsonrpc.RemoteEndpoint fallbackResponseError
SEVERE: Internal error: java.nio.file.NoSuchFileException: /Users/justchance/Desktop/pizza/ProteusFPP/proteusfpp/.metals/.scalafmt.conf
java.util.concurrent.CompletionException: java.nio.file.NoSuchFileException: /Users/justchance/Desktop/pizza/ProteusFPP/proteusfpp/.metals/.scalafmt.conf
	at java.base/java.util.concurrent.CompletableFuture.encodeThrowable(CompletableFuture.java:332)
	at java.base/java.util.concurrent.CompletableFuture.completeThrowable(CompletableFuture.java:347)
	at java.base/java.util.concurrent.CompletableFuture$UniAccept.tryFire(CompletableFuture.java:708)
	at java.base/java.util.concurrent.CompletableFuture.postComplete(CompletableFuture.java:510)
	at java.base/java.util.concurrent.CompletableFuture.completeExceptionally(CompletableFuture.java:2194)
	at scala.meta.internal.metals.CancelTokens$.$anonfun$future$1(CancelTokens.scala:40)
	at scala.meta.internal.metals.CancelTokens$.$anonfun$future$1$adapted(CancelTokens.scala:38)
	at scala.concurrent.impl.Promise$Transformation.run(Promise.scala:484)
	at java.base/java.util.concurrent.ThreadPoolExecutor.runWorker(ThreadPoolExecutor.java:1144)
	at java.base/java.util.concurrent.ThreadPoolExecutor$Worker.run(ThreadPoolExecutor.java:642)
	at java.base/java.lang.Thread.run(Thread.java:1623)
Caused by: java.nio.file.NoSuchFileException: /Users/justchance/Desktop/pizza/ProteusFPP/proteusfpp/.metals/.scalafmt.conf
	at java.base/sun.nio.fs.UnixException.translateToIOException(UnixException.java:92)
	at java.base/sun.nio.fs.UnixException.rethrowAsIOException(UnixException.java:106)
	at java.base/sun.nio.fs.UnixException.rethrowAsIOException(UnixException.java:111)
	at java.base/sun.nio.fs.UnixFileSystemProvider.newByteChannel(UnixFileSystemProvider.java:261)
	at java.base/java.nio.file.spi.FileSystemProvider.newOutputStream(FileSystemProvider.java:484)
	at java.base/java.nio.file.Files.newOutputStream(Files.java:227)
	at java.base/java.nio.file.Files.write(Files.java:3487)
	at scala.meta.internal.metals.FormattingProvider.$anonfun$handleMissingFile$1(FormattingProvider.scala:229)
	at scala.concurrent.impl.Promise$Transformation.run(Promise.scala:467)
	... 3 more

2024.04.18 01:08:51 INFO  Shutting down server
2024.04.18 01:08:51 INFO  shutting down Metals
2024.04.18 01:08:51 INFO  Exiting server
